Archive:  input.zip
   creating: boots/
  inflating: boots/RAxML_bootstrap.15679_0.raxml.out  
  inflating: boots/RAxML_bootstrap.16327_0.raxml.out  
  inflating: boots/RAxML_bootstrap.16410_1.raxml.out  
  inflating: boots/RAxML_bootstrap.16431_0.raxml.out  
  inflating: boots/RAxML_bootstrap.16547_0.raxml.out  
  inflating: boots/RAxML_bootstrap.17364_0.raxml.out  
  inflating: boots/RAxML_bootstrap.17581_1.raxml.out  
  inflating: boots/RAxML_bootstrap.17636_2.raxml.out  
  inflating: boots/RAxML_bootstrap.17717_2.raxml.out  
  inflating: boots/RAxML_bootstrap.18015_0.raxml.out  
  inflating: boots/RAxML_bootstrap.18116_1.raxml.out  
  inflating: boots/RAxML_bootstrap.18408_2.raxml.out  
  inflating: boots/RAxML_bootstrap.18408_3.raxml.out  
  inflating: boots/RAxML_bootstrap.18466_1.raxml.out  
  inflating: boots/RAxML_bootstrap.20155_0.raxml.out  
  inflating: boots/RAxML_bootstrap.2047_0.raxml.out  
  inflating: boots/RAxML_bootstrap.20861_0.raxml.out  
  inflating: boots/RAxML_bootstrap.21672_0.raxml.out  
  inflating: boots/RAxML_bootstrap.23017_0.raxml.out  
  inflating: boots/RAxML_bootstrap.23950_0.raxml.out  
  inflating: boots/RAxML_bootstrap.25063_0.raxml.out  
  inflating: boots/RAxML_bootstrap.25426_0.raxml.out  
  inflating: boots/RAxML_bootstrap.25552_0.raxml.out  
  inflating: boots/RAxML_bootstrap.2562_0.raxml.out  
  inflating: boots/RAxML_bootstrap.25861_0.raxml.out  
  inflating: boots/RAxML_bootstrap.26445_0.raxml.out  
  inflating: boots/RAxML_bootstrap.2781_2.raxml.out  
  inflating: boots/RAxML_bootstrap.2803_1.raxml.out  
  inflating: boots/RAxML_bootstrap.29075_0.raxml.out  
  inflating: boots/RAxML_bootstrap.29541_0.raxml.out  
  inflating: boots/RAxML_bootstrap.3010_0.raxml.out  
  inflating: boots/RAxML_bootstrap.30687_0.raxml.out  
  inflating: boots/RAxML_bootstrap.30998_0.raxml.out  
  inflating: boots/RAxML_bootstrap.31459_0.raxml.out  
  inflating: boots/RAxML_bootstrap.3177_0.raxml.out  
  inflating: boots/RAxML_bootstrap.32363_0.raxml.out  
  inflating: boots/RAxML_bootstrap.3275_0.raxml.out  
  inflating: boots/RAxML_bootstrap.33148_0.raxml.out  
  inflating: boots/RAxML_bootstrap.33626_0.raxml.out  
  inflating: boots/RAxML_bootstrap.34223_0.raxml.out  
  inflating: boots/RAxML_bootstrap.34890_0.raxml.out  
  inflating: boots/RAxML_bootstrap.35375_0.raxml.out  
  inflating: boots/RAxML_bootstrap.3819_0.raxml.out  
  inflating: boots/RAxML_bootstrap.3828_5.raxml.out  
  inflating: boots/RAxML_bootstrap.3835_0.raxml.out  
  inflating: boots/RAxML_bootstrap.3901_3.raxml.out  
  inflating: boots/RAxML_bootstrap.4049_2.raxml.out  
  inflating: boots/RAxML_bootstrap.4156_0.raxml.out  
  inflating: boots/RAxML_bootstrap.4528_0.raxml.out  
  inflating: boots/RAxML_bootstrap.4532_0.raxml.out  
  inflating: boots/RAxML_bootstrap.5091_0.raxml.out  
  inflating: boots/RAxML_bootstrap.521_5.raxml.out  
  inflating: boots/RAxML_bootstrap.5526_4.raxml.out  
  inflating: boots/RAxML_bootstrap.5542_0.raxml.out  
  inflating: boots/RAxML_bootstrap.5737_0.raxml.out  
  inflating: boots/RAxML_bootstrap.5741_0.raxml.out  
  inflating: boots/RAxML_bootstrap.5812_1.raxml.out  
  inflating: boots/RAxML_bootstrap.5934_0.raxml.out  
  inflating: boots/RAxML_bootstrap.6031_3.raxml.out  
  inflating: boots/RAxML_bootstrap.6128_0.raxml.out  
  inflating: boots/RAxML_bootstrap.6224_0.raxml.out  
  inflating: boots/RAxML_bootstrap.6467_3.raxml.out  
  inflating: boots/RAxML_bootstrap.6570_1.raxml.out  
  inflating: boots/RAxML_bootstrap.6653_0.raxml.out  
  inflating: boots/RAxML_bootstrap.6810_0.raxml.out  
  inflating: boots/RAxML_bootstrap.7738_0.raxml.out  
  inflating: boots/RAxML_bootstrap.7819_0.raxml.out  
  inflating: boots/RAxML_bootstrap.7914_1.raxml.out  
  inflating: boots/RAxML_bootstrap.8020_0.raxml.out  
  inflating: boots/RAxML_bootstrap.8282_2.raxml.out  
  inflating: boots/RAxML_bootstrap.8312_1.raxml.out  
  inflating: boots/RAxML_bootstrap.8428_1.raxml.out  
  inflating: boots/RAxML_bootstrap.8687_0.raxml.out  
  inflating: boots/RAxML_bootstrap.9230_2.raxml.out  
  inflating: boots/RAxML_bootstrap.9290_3.raxml.out  
  inflating: boots/RAxML_bootstrap.9429_0.raxml.out  
  inflating: boots/RAxML_bootstrap.10048_3.raxml.out  
  inflating: boots/RAxML_bootstrap.10171_0.raxml.out  
  inflating: boots/RAxML_bootstrap.10342_0.raxml.out  
  inflating: boots/RAxML_bootstrap.10399_0.raxml.out  
  inflating: boots/RAxML_bootstrap.10882_0.raxml.out  
  inflating: boots/RAxML_bootstrap.10935_0.raxml.out  
  inflating: boots/RAxML_bootstrap.11101_0.raxml.out  
  inflating: boots/RAxML_bootstrap.11224_4.raxml.out  
  inflating: boots/RAxML_bootstrap.11865_0.raxml.out  
  inflating: boots/RAxML_bootstrap.1204_10.raxml.out  
  inflating: boots/RAxML_bootstrap.12564_5.raxml.out  
  inflating: boots/RAxML_bootstrap.13067_2.raxml.out  
  inflating: boots/RAxML_bootstrap.13195_0.raxml.out  
  inflating: boots/RAxML_bootstrap.13319_1.raxml.out  
  inflating: boots/RAxML_bootstrap.14016_0.raxml.out  
  inflating: boots/RAxML_bootstrap.14051_0.raxml.out  
  inflating: boots/RAxML_bootstrap.14081_0.raxml.out  
  inflating: boots/RAxML_bootstrap.14642_0.raxml.out  
  inflating: boots/RAxML_bootstrap.14780_0.raxml.out  
  inflating: boots/RAxML_bootstrap.15285_0.raxml.out  
  inflating: boots/RAxML_bootstrap.15346_2.raxml.out  
  inflating: boots/RAxML_bootstrap.15625_0.raxml.out  
java.io.FileNotFoundException: Output/51addbb829c8d/Bootstrap/SNA.txt (No such file or directory)
	at java.io.FileInputStream.open(Native Method)
	at java.io.FileInputStream.<init>(FileInputStream.java:137)
	at java.io.FileInputStream.<init>(FileInputStream.java:96)
	at CreateInputMatrix.main(CreateInputMatrix.java:31)
Output/51addbb829c8d/ZipOutput	Output/51addbb829c8d/ZipOutput/input.zip	Output/51addbb829c8d/ZipOutput/boots	Output/51addbb829c8d/ZipOutput/boots/RAxML_bootstrap.6570_1.raxml.out	Output/51addbb829c8d/ZipOutput/boots/RAxML_bootstrap.16547_0.raxml.out	Output/51addbb829c8d/ZipOutput/boots/RAxML_bootstrap.14081_0.raxml.out	Output/51addbb829c8d/ZipOutput/boots/RAxML_bootstrap.16431_0.raxml.out	Output/51addbb829c8d/ZipOutput/boots/RAxML_bootstrap.10882_0.raxml.out	Output/51addbb829c8d/ZipOutput/boots/RAxML_bootstrap.16410_1.raxml.out	Output/51addbb829c8d/ZipOutput/boots/RAxML_bootstrap.2803_1.raxml.out	Output/51addbb829c8d/ZipOutput/boots/RAxML_bootstrap.6224_0.raxml.out	Output/51addbb829c8d/ZipOutput/boots/RAxML_bootstrap.25861_0.raxml.out	Output/51addbb829c8d/ZipOutput/boots/RAxML_bootstrap.17581_1.raxml.out	Output/51addbb829c8d/ZipOutput/boots/RAxML_bootstrap.5812_1.raxml.out	Output/51addbb829c8d/ZipOutput/boots/RAxML_bootstrap.6467_3.raxml.out	Output/51addbb829c8d/ZipOutput/boots/RAxML_bootstrap.5542_0.raxml.out	Output/51addbb829c8d/ZipOutput/boots/RAxML_bootstrap.8312_1.raxml.out	Output/51addbb829c8d/ZipOutput/boots/RAxML_bootstrap.25552_0.raxml.out	Output/51addbb829c8d/ZipOutput/boots/RAxML_bootstrap.11224_4.raxml.out	Output/51addbb829c8d/ZipOutput/boots/RAxML_bootstrap.18116_1.raxml.out	Output/51addbb829c8d/ZipOutput/boots/RAxML_bootstrap.4156_0.raxml.out	Output/51addbb829c8d/ZipOutput/boots/RAxML_bootstrap.13195_0.raxml.out	Output/51addbb829c8d/ZipOutput/boots/RAxML_bootstrap.15285_0.raxml.out	Output/51addbb829c8d/ZipOutput/boots/RAxML_bootstrap.10171_0.raxml.out	Output/51addbb829c8d/ZipOutput/boots/RAxML_bootstrap.8687_0.raxml.out	Output/51addbb829c8d/ZipOutput/boots/RAxML_bootstrap.14051_0.raxml.out	Output/51addbb829c8d/ZipOutput/boots/RAxML_bootstrap.6653_0.raxml.out	Output/51addbb829c8d/ZipOutput/boots/RAxML_bootstrap.12564_5.raxml.out	Output/51addbb829c8d/ZipOutput/boots/RAxML_bootstrap.3901_3.raxml.out	Output/51addbb829c8d/ZipOutput/boots/RAxML_bootstrap.18408_3.raxml.out	Output/51addbb829c8d/ZipOutput/boots/RAxML_bootstrap.23017_0.raxml.out	Output/51addbb829c8d/ZipOutput/boots/RAxML_bootstrap.8428_1.raxml.out	Output/51addbb829c8d/ZipOutput/boots/RAxML_bootstrap.5741_0.raxml.out	Output/51addbb829c8d/ZipOutput/boots/RAxML_bootstrap.17717_2.raxml.out	Output/51addbb829c8d/ZipOutput/boots/RAxML_bootstrap.20155_0.raxml.out	Output/51addbb829c8d/ZipOutput/boots/RAxML_bootstrap.18408_2.raxml.out	Output/51addbb829c8d/ZipOutput/boots/RAxML_bootstrap.29541_0.raxml.out	Output/51addbb829c8d/ZipOutput/boots/RAxML_bootstrap.9429_0.raxml.out	Output/51addbb829c8d/ZipOutput/boots/RAxML_bootstrap.10399_0.raxml.out	Output/51addbb829c8d/ZipOutput/boots/RAxML_bootstrap.9290_3.raxml.out	Output/51addbb829c8d/ZipOutput/boots/RAxML_bootstrap.8020_0.raxml.out	Output/51addbb829c8d/ZipOutput/boots/RAxML_bootstrap.10048_3.raxml.out	Output/51addbb829c8d/ZipOutput/boots/RAxML_bootstrap.13319_1.raxml.out	Output/51addbb829c8d/ZipOutput/boots/RAxML_bootstrap.11865_0.raxml.out	Output/51addbb829c8d/ZipOutput/boots/RAxML_bootstrap.2781_2.raxml.out	Output/51addbb829c8d/ZipOutput/boots/RAxML_bootstrap.4532_0.raxml.out	Output/51addbb829c8d/ZipOutput/boots/RAxML_bootstrap.3835_0.raxml.out	Output/51addbb829c8d/ZipOutput/boots/RAxML_bootstrap.4049_2.raxml.out	Output/51addbb829c8d/ZipOutput/boots/RAxML_bootstrap.5091_0.raxml.out	Output/51addbb829c8d/ZipOutput/boots/RAxML_bootstrap.26445_0.raxml.out	Output/51addbb829c8d/ZipOutput/boots/RAxML_bootstrap.8282_2.raxml.out	Output/51addbb829c8d/ZipOutput/boots/RAxML_bootstrap.13067_2.raxml.out	Output/51addbb829c8d/ZipOutput/boots/RAxML_bootstrap.3177_0.raxml.out	Output/51addbb829c8d/ZipOutput/boots/RAxML_bootstrap.11101_0.raxml.out	Output/51addbb829c8d/ZipOutput/boots/RAxML_bootstrap.9230_2.raxml.out	Output/51addbb829c8d/ZipOutput/boots/RAxML_bootstrap.20861_0.raxml.out	Output/51addbb829c8d/ZipOutput/boots/RAxML_bootstrap.23950_0.raxml.out	Output/51addbb829c8d/ZipOutput/boots/RAxML_bootstrap.7914_1.raxml.out	Output/51addbb829c8d/ZipOutput/boots/RAxML_bootstrap.18466_1.raxml.out	Output/51addbb829c8d/ZipOutput/boots/RAxML_bootstrap.15679_0.raxml.out	Output/51addbb829c8d/ZipOutput/boots/RAxML_bootstrap.7819_0.raxml.out	Output/51addbb829c8d/ZipOutput/boots/RAxML_bootstrap.33626_0.raxml.out	Output/51addbb829c8d/ZipOutput/boots/RAxML_bootstrap.25426_0.raxml.out	Output/51addbb829c8d/ZipOutput/boots/RAxML_bootstrap.29075_0.raxml.out	Output/51addbb829c8d/ZipOutput/boots/RAxML_bootstrap.521_5.raxml.out	Output/51addbb829c8d/ZipOutput/boots/RAxML_bootstrap.7738_0.raxml.out	Output/51addbb829c8d/ZipOutput/boots/RAxML_bootstrap.35375_0.raxml.out	Output/51addbb829c8d/ZipOutput/boots/RAxML_bootstrap.17636_2.raxml.out	Output/51addbb829c8d/ZipOutput/boots/RAxML_bootstrap.16327_0.raxml.out	Output/51addbb829c8d/ZipOutput/boots/RAxML_bootstrap.2047_0.raxml.out	Output/51addbb829c8d/ZipOutput/boots/RAxML_bootstrap.4528_0.raxml.out	Output/51addbb829c8d/ZipOutput/boots/RAxML_bootstrap.17364_0.raxml.out	Output/51addbb829c8d/ZipOutput/boots/RAxML_bootstrap.10342_0.raxml.out	Output/51addbb829c8d/ZipOutput/boots/RAxML_bootstrap.3819_0.raxml.out	Output/51addbb829c8d/ZipOutput/boots/RAxML_bootstrap.31459_0.raxml.out	Output/51addbb829c8d/ZipOutput/boots/RAxML_bootstrap.30998_0.raxml.out	Output/51addbb829c8d/ZipOutput/boots/RAxML_bootstrap.30687_0.raxml.out	Output/51addbb829c8d/ZipOutput/boots/RAxML_bootstrap.6128_0.raxml.out	Output/51addbb829c8d/ZipOutput/boots/RAxML_bootstrap.5934_0.raxml.out	Output/51addbb829c8d/ZipOutput/boots/RAxML_bootstrap.32363_0.raxml.out	Output/51addbb829c8d/ZipOutput/boots/RAxML_bootstrap.14016_0.raxml.out	Output/51addbb829c8d/ZipOutput/boots/RAxML_bootstrap.3828_5.raxml.out	Output/51addbb829c8d/ZipOutput/boots/RAxML_bootstrap.14642_0.raxml.out	Output/51addbb829c8d/ZipOutput/boots/RAxML_bootstrap.15625_0.raxml.out	Output/51addbb829c8d/ZipOutput/boots/RAxML_bootstrap.3275_0.raxml.out	Output/51addbb829c8d/ZipOutput/boots/RAxML_bootstrap.5737_0.raxml.out	Output/51addbb829c8d/ZipOutput/boots/RAxML_bootstrap.10935_0.raxml.out	Output/51addbb829c8d/ZipOutput/boots/RAxML_bootstrap.6810_0.raxml.out	Output/51addbb829c8d/ZipOutput/boots/RAxML_bootstrap.18015_0.raxml.out	Output/51addbb829c8d/ZipOutput/boots/RAxML_bootstrap.33148_0.raxml.out	Output/51addbb829c8d/ZipOutput/boots/RAxML_bootstrap.34223_0.raxml.out	Output/51addbb829c8d/ZipOutput/boots/RAxML_bootstrap.2562_0.raxml.out	Output/51addbb829c8d/ZipOutput/boots/RAxML_bootstrap.3010_0.raxml.out	Output/51addbb829c8d/ZipOutput/boots/RAxML_bootstrap.25063_0.raxml.out	Output/51addbb829c8d/ZipOutput/boots/RAxML_bootstrap.1204_10.raxml.out	Output/51addbb829c8d/ZipOutput/boots/RAxML_bootstrap.15346_2.raxml.out	Output/51addbb829c8d/ZipOutput/boots/RAxML_bootstrap.34890_0.raxml.out	Output/51addbb829c8d/ZipOutput/boots/RAxML_bootstrap.5526_4.raxml.out	Output/51addbb829c8d/ZipOutput/boots/RAxML_bootstrap.14780_0.raxml.out	Output/51addbb829c8d/ZipOutput/boots/RAxML_bootstrap.21672_0.raxml.out	Output/51addbb829c8d/ZipOutput/boots/RAxML_bootstrap.6031_3.raxml.out
java.io.FileNotFoundException: Output/51addbb829c8d/Bootstrap/output.tre (No such file or directory)
	at java.io.FileInputStream.open(Native Method)
	at java.io.FileInputStream.<init>(FileInputStream.java:137)
	at java.io.FileInputStream.<init>(FileInputStream.java:96)
	at BootstrapSpeciesTree.main(BootstrapSpeciesTree.java:144)
======================================================================
SumTrees - Phylogenetic Tree Split Support Summarization
Version 3.3.1 (May 05 2011)
By Jeet Sukumaran and Mark T. Holder
(using the DendroPy Phylogenetic Computing Library Version 3.12.0)
======================================================================

SumTrees: *** ERROR *** Terminating due to missing support files. Use the
          '--ignore-missing-support' option to continue even if some files are
          missing.
sed: can't read output.tre: No such file or directory

R version 2.15.1 (2012-06-22) -- "Roasted Marshmallows"
Copyright (C) 2012 The R Foundation for Statistical Computing
ISBN 3-900051-07-0
Platform: x86_64-unknown-linux-gnu (64-bit)

R is free software and comes with ABSOLUTELY NO WARRANTY.
You are welcome to redistribute it under certain conditions.
Type 'license()' or 'licence()' for distribution details.

  Natural language support but running in an English locale

R is a collaborative project with many contributors.
Type 'contributors()' for more information and
'citation()' on how to cite R or R packages in publications.

Type 'demo()' for some demos, 'help()' for on-line help, or
'help.start()' for an HTML browser interface to help.
Type 'q()' to quit R.

> phylip.to.ape <- function(tree)
+ 
+ {
+ 
+ # Get the labels of the tips (sequences)
+ 
+ seqnames <- tree$tip.label
+ 
+ numseqs <- length(seqnames)
+ 
+ # Get the number of internal nodes in the tree:
+ 
+ numinternalnodes <- tree$Nnode
+ 
+ # Get the bootstrap values
+ 
+ bootstraps <- tree$edge.length
+ 
+ # Get the edges for the tree
+ 
+ edges <- tree$edge
+ 
+ # For each edge, find the node at the end of the edge (closer to the tips
+ 
+ # of the tree):
+ 
+ numedges <- nrow(edges)
+ 
+ numnodes <- numinternalnodes + numseqs
+ 
+ mybootstraps <- numeric(numinternalnodes)
+ 
+ for (i in 1:numedges)
+ 
+ {
+ 
+ startnode <- edges[i,1]
+ 
+ endnode <- edges[i,2]
+ 
+ # Make sure the end node is not a tip:
+ 
+ if (endnode > numseqs)
+ 
+ {
+ 
+ # Get the bootstrap value for this node:
+ 
+ bootstrap <- bootstraps[i]
+ 
+ mybootstraps[endnode] = bootstrap
+ 
+ }
+ 
+ }
+ 
+ mybootstraps2 <- mybootstraps[(numseqs+1):(numnodes)]
+ 
+ tree$node.label <- mybootstraps2
+ 
+ 
+ 
+ return(tree)
+ 
+ }
> 
> library(phybase);
Loading required package: Matrix
Loading required package: lattice
Loading required package: ape
tripleML 0.1-1 loaded

Attaching package: ‘phybase’

The following object(s) are masked from ‘package:ape’:

    write.dna

> library(ape);
> genetrees <- read.tree.string("output.tre",format="phylip")$tree;
Error in file(file, "r") : cannot open the connection
Calls: read.tree.string -> scan -> file
In addition: Warning message:
In file(file, "r") :
  cannot open file 'output.tre': No such file or directory
Execution halted
